<?xml version="1.0" encoding="UTF-8"?>
<robot generator="Robot 6.1.1 (Python 3.11.4 on win32)" generated="20230831 20:12:52.302" rpa="false" schemaversion="4">
<suite id="s1" name="TestCarrinho" source="c:\Users\leeh_\OneDrive\Documentos\GitHub\testes_sauce_demo\Saucedemo_testes\Test\TestCarrinho.robot">
<test id="s1-t1" name="Caso de Teste: Realizar compra com sucesso" line="31">
<kw name="Abrir navegador" library="Resource" type="SETUP">
<kw name="Open Browser" library="SeleniumLibrary">
<arg>about:blank</arg>
<arg>${BROWSER}</arg>
<doc>Opens a new browser instance to the optional ``url``.</doc>
<msg timestamp="20230831 20:12:52.474" level="INFO">Opening browser 'chrome' to base url 'about:blank'.</msg>
<status status="PASS" starttime="20230831 20:12:52.473" endtime="20230831 20:12:53.195"/>
</kw>
<status status="PASS" starttime="20230831 20:12:52.473" endtime="20230831 20:12:53.195"/>
</kw>
<kw name="Dado que eu acesse o site Sauce Demo" library="Login">
<kw name="Go To" library="SeleniumLibrary">
<arg>url=${LOGIN_URL}</arg>
<doc>Navigates the current browser window to the provided ``url``.</doc>
<msg timestamp="20230831 20:12:53.195" level="INFO">Opening url 'https://www.saucedemo.com'</msg>
<status status="PASS" starttime="20230831 20:12:53.195" endtime="20230831 20:12:53.585"/>
</kw>
<kw name="Wait Until Element Is Visible" library="SeleniumLibrary">
<arg>${LOGIN_BTN}</arg>
<doc>Waits until the element ``locator`` is visible.</doc>
<status status="PASS" starttime="20230831 20:12:53.585" endtime="20230831 20:12:53.601"/>
</kw>
<status status="PASS" starttime="20230831 20:12:53.195" endtime="20230831 20:12:53.601"/>
</kw>
<kw name="E realize o login" library="Login">
<kw name="Dado que eu acesse o site Sauce Demo" library="Login">
<kw name="Go To" library="SeleniumLibrary">
<arg>url=${LOGIN_URL}</arg>
<doc>Navigates the current browser window to the provided ``url``.</doc>
<msg timestamp="20230831 20:12:53.601" level="INFO">Opening url 'https://www.saucedemo.com'</msg>
<status status="PASS" starttime="20230831 20:12:53.601" endtime="20230831 20:12:53.654"/>
</kw>
<kw name="Wait Until Element Is Visible" library="SeleniumLibrary">
<arg>${LOGIN_BTN}</arg>
<doc>Waits until the element ``locator`` is visible.</doc>
<status status="PASS" starttime="20230831 20:12:53.654" endtime="20230831 20:12:53.672"/>
</kw>
<status status="PASS" starttime="20230831 20:12:53.601" endtime="20230831 20:12:53.672"/>
</kw>
<kw name="Quando inserir usuario e senha validos" library="Login">
<kw name="Input Text" library="SeleniumLibrary">
<arg>${USER_INPUT}</arg>
<arg>${USER_VALID}</arg>
<doc>Types the given ``text`` into the text field identified by ``locator``.</doc>
<msg timestamp="20230831 20:12:53.673" level="INFO">Typing text 'standard_user' into text field 'user-name'.</msg>
<status status="PASS" starttime="20230831 20:12:53.672" endtime="20230831 20:12:53.739"/>
</kw>
<kw name="Input Text" library="SeleniumLibrary">
<arg>${PASSWORD_INPUT}</arg>
<arg>${PASSWORD_VALID}</arg>
<doc>Types the given ``text`` into the text field identified by ``locator``.</doc>
<msg timestamp="20230831 20:12:53.740" level="INFO">Typing text 'secret_sauce' into text field 'password'.</msg>
<status status="PASS" starttime="20230831 20:12:53.739" endtime="20230831 20:12:53.791"/>
</kw>
<kw name="Click Button" library="SeleniumLibrary">
<arg>${LOGIN_BTN}</arg>
<doc>Clicks the button identified by ``locator``.</doc>
<msg timestamp="20230831 20:12:53.791" level="INFO">Clicking button 'login-button'.</msg>
<status status="PASS" starttime="20230831 20:12:53.791" endtime="20230831 20:12:53.853"/>
</kw>
<status status="PASS" starttime="20230831 20:12:53.672" endtime="20230831 20:12:53.853"/>
</kw>
<status status="PASS" starttime="20230831 20:12:53.601" endtime="20230831 20:12:53.853"/>
</kw>
<kw name="E existe o produto &quot;Sauce Labs Backpack&quot; no carrinho" library="Carrinho">
<kw name="Quando adicionar o produto &quot;Sauce Labs Backpack&quot; no carrinho" library="Vitrine">
<kw name="Element Should Be Visible" library="SeleniumLibrary">
<arg>${TITLE_PRODUCTS}</arg>
<doc>Verifies that the element identified by ``locator`` is visible.</doc>
<msg timestamp="20230831 20:12:53.859" level="INFO">Element '//span[@class='title'][contains(.,'Products')]' is displayed.</msg>
<status status="PASS" starttime="20230831 20:12:53.854" endtime="20230831 20:12:53.859"/>
</kw>
<kw name="Click Element" library="SeleniumLibrary">
<arg>${ADD_BACKPACK}</arg>
<doc>Click the element identified by ``locator``.</doc>
<msg timestamp="20230831 20:12:53.869" level="INFO">Clicking element 'add-to-cart-sauce-labs-backpack'.</msg>
<status status="PASS" starttime="20230831 20:12:53.859" endtime="20230831 20:12:53.899"/>
</kw>
<status status="PASS" starttime="20230831 20:12:53.854" endtime="20230831 20:12:53.899"/>
</kw>
<kw name="Então o produto &quot;Sauce Labs Backpack&quot; deve ser mostrado no carrinho" library="Carrinho">
<kw name="Click Element" library="SeleniumLibrary">
<arg>${CART}</arg>
<doc>Click the element identified by ``locator``.</doc>
<msg timestamp="20230831 20:12:53.899" level="INFO">Clicking element '//a[contains(@class,'shopping_cart_link')]'.</msg>
<status status="PASS" starttime="20230831 20:12:53.899" endtime="20230831 20:12:53.933"/>
</kw>
<kw name="Element Should Be Visible" library="SeleniumLibrary">
<arg>${BACKPACK}</arg>
<doc>Verifies that the element identified by ``locator`` is visible.</doc>
<msg timestamp="20230831 20:12:53.945" level="INFO">Element '//div[@class='inventory_item_name'][contains(.,'Sauce Labs Backpack')]' is displayed.</msg>
<status status="PASS" starttime="20230831 20:12:53.933" endtime="20230831 20:12:53.945"/>
</kw>
<status status="PASS" starttime="20230831 20:12:53.899" endtime="20230831 20:12:53.947"/>
</kw>
<status status="PASS" starttime="20230831 20:12:53.853" endtime="20230831 20:12:53.947"/>
</kw>
<kw name="Quando finalizar a compra" library="Carrinho">
<kw name="Click Button" library="SeleniumLibrary">
<arg>${CHECKOUT_BTN}</arg>
<doc>Clicks the button identified by ``locator``.</doc>
<msg timestamp="20230831 20:12:53.948" level="INFO">Clicking button 'checkout'.</msg>
<status status="PASS" starttime="20230831 20:12:53.948" endtime="20230831 20:12:53.991"/>
</kw>
<kw name="Input Text" library="SeleniumLibrary">
<arg>${INPUT_FIRSTNAME}</arg>
<arg>${FIRST_NAME}</arg>
<doc>Types the given ``text`` into the text field identified by ``locator``.</doc>
<msg timestamp="20230831 20:12:53.992" level="INFO">Typing text 'Letícia' into text field 'first-name'.</msg>
<status status="PASS" starttime="20230831 20:12:53.991" endtime="20230831 20:12:54.047"/>
</kw>
<kw name="Input Text" library="SeleniumLibrary">
<arg>${INPUT_LASTNAME}</arg>
<arg>${LAST_NAME}</arg>
<doc>Types the given ``text`` into the text field identified by ``locator``.</doc>
<msg timestamp="20230831 20:12:54.048" level="INFO">Typing text 'Testes' into text field 'last-name'.</msg>
<status status="PASS" starttime="20230831 20:12:54.048" endtime="20230831 20:12:54.101"/>
</kw>
<kw name="Input Text" library="SeleniumLibrary">
<arg>${INPUT_POSTALCODE}</arg>
<arg>${POSTAL_CODE}</arg>
<doc>Types the given ``text`` into the text field identified by ``locator``.</doc>
<msg timestamp="20230831 20:12:54.102" level="INFO">Typing text '00000000' into text field 'postal-code'.</msg>
<status status="PASS" starttime="20230831 20:12:54.101" endtime="20230831 20:12:54.160"/>
</kw>
<kw name="Click Button" library="SeleniumLibrary">
<arg>${CHEKOUT_CONTINUE_BTN}</arg>
<doc>Clicks the button identified by ``locator``.</doc>
<msg timestamp="20230831 20:12:54.161" level="INFO">Clicking button 'continue'.</msg>
<status status="PASS" starttime="20230831 20:12:54.160" endtime="20230831 20:12:54.196"/>
</kw>
<kw name="Element Should Be Visible" library="SeleniumLibrary">
<arg>${OVERVIEW_PRODUCT}</arg>
<doc>Verifies that the element identified by ``locator`` is visible.</doc>
<msg timestamp="20230831 20:12:54.208" level="INFO">Element '//div[@class='inventory_item_name'][contains(.,'Sauce Labs Backpack')]' is displayed.</msg>
<status status="PASS" starttime="20230831 20:12:54.196" endtime="20230831 20:12:54.208"/>
</kw>
<kw name="Click Button" library="SeleniumLibrary">
<arg>${FINISH_BTN}</arg>
<doc>Clicks the button identified by ``locator``.</doc>
<msg timestamp="20230831 20:12:54.208" level="INFO">Clicking button 'finish'.</msg>
<status status="PASS" starttime="20230831 20:12:54.208" endtime="20230831 20:12:54.246"/>
</kw>
<status status="PASS" starttime="20230831 20:12:53.947" endtime="20230831 20:12:54.246"/>
</kw>
<kw name="Então valido que foi a compra foi finalizada com sucesso" library="Carrinho">
<kw name="Element Should Be Visible" library="SeleniumLibrary">
<arg>${MESSAGE_COMPLETE}</arg>
<doc>Verifies that the element identified by ``locator`` is visible.</doc>
<msg timestamp="20230831 20:12:54.260" level="INFO">Element '//h2[@class='complete-header'][contains(.,'Thank you for your order!')]' is displayed.</msg>
<status status="PASS" starttime="20230831 20:12:54.247" endtime="20230831 20:12:54.260"/>
</kw>
<status status="PASS" starttime="20230831 20:12:54.247" endtime="20230831 20:12:54.261"/>
</kw>
<kw name="Fechar navegador" library="Resource" type="TEARDOWN">
<kw name="Close Browser" library="SeleniumLibrary">
<doc>Closes the current browser.</doc>
<status status="PASS" starttime="20230831 20:12:54.261" endtime="20230831 20:12:56.345"/>
</kw>
<status status="PASS" starttime="20230831 20:12:54.261" endtime="20230831 20:12:56.345"/>
</kw>
<doc>Este teste é referente ao login sem sucesso inserindo uma senha inválido</doc>
<tag>carrinho compra_sucesso cenario_positivo</tag>
<status status="PASS" starttime="20230831 20:12:52.472" endtime="20230831 20:12:56.345"/>
</test>
<doc>Nessa suite se encontra todos cenários referente ao carrinho de compras do site Sauce Demo.</doc>
<status status="PASS" starttime="20230831 20:12:52.306" endtime="20230831 20:12:56.346"/>
</suite>
<statistics>
<total>
<stat pass="1" fail="0" skip="0">All Tests</stat>
</total>
<tag>
<stat pass="1" fail="0" skip="0">carrinho compra_sucesso cenario_positivo</stat>
</tag>
<suite>
<stat pass="1" fail="0" skip="0" id="s1" name="TestCarrinho">TestCarrinho</stat>
</suite>
</statistics>
<errors>
</errors>
</robot>
