<?xml version="1.0" encoding="UTF-8"?>
<robot generator="Robot 6.1.1 (Python 3.11.4 on win32)" generated="20230831 20:24:33.081" rpa="false" schemaversion="4">
<suite id="s1" name="Saucedemo testes" source="C:\Users\leeh_\OneDrive\Documentos\GitHub\testes_sauce_demo\Saucedemo_testes">
<suite id="s1-s1" name="Test" source="C:\Users\leeh_\OneDrive\Documentos\GitHub\testes_sauce_demo\Saucedemo_testes\Test">
<suite id="s1-s1-s1" name="TestLogin" source="C:\Users\leeh_\OneDrive\Documentos\GitHub\testes_sauce_demo\Saucedemo_testes\Test\TestLogin.robot">
<test id="s1-s1-s1-t1" name="Caso de Teste: Falha ao realizar login com senha inválido" line="27">
<kw name="Abrir navegador" library="Resource" type="SETUP">
<kw name="Open Browser" library="SeleniumLibrary">
<arg>about:blank</arg>
<arg>${BROWSER}</arg>
<doc>Opens a new browser instance to the optional ``url``.</doc>
<msg timestamp="20230831 20:24:33.244" level="INFO">Opening browser 'chrome' to base url 'about:blank'.</msg>
<status status="PASS" starttime="20230831 20:24:33.244" endtime="20230831 20:24:34.511"/>
</kw>
<status status="PASS" starttime="20230831 20:24:33.244" endtime="20230831 20:24:34.511"/>
</kw>
<kw name="Dado que eu acesse o site Sauce Demo" library="Login">
<kw name="Go To" library="SeleniumLibrary">
<arg>url=${LOGIN_URL}</arg>
<doc>Navigates the current browser window to the provided ``url``.</doc>
<msg timestamp="20230831 20:24:34.511" level="INFO">Opening url 'https://www.saucedemo.com'</msg>
<status status="PASS" starttime="20230831 20:24:34.511" endtime="20230831 20:24:34.807"/>
</kw>
<kw name="Wait Until Element Is Visible" library="SeleniumLibrary">
<arg>${LOGIN_BTN}</arg>
<doc>Waits until the element ``locator`` is visible.</doc>
<status status="PASS" starttime="20230831 20:24:34.807" endtime="20230831 20:24:34.825"/>
</kw>
<status status="PASS" starttime="20230831 20:24:34.511" endtime="20230831 20:24:34.825"/>
</kw>
<kw name="Quando inserir usuario valido e senha invalida" library="Login">
<kw name="Input Text" library="SeleniumLibrary">
<arg>${USER_INPUT}</arg>
<arg>${USER_VALID}</arg>
<doc>Types the given ``text`` into the text field identified by ``locator``.</doc>
<msg timestamp="20230831 20:24:34.825" level="INFO">Typing text 'standard_user' into text field 'user-name'.</msg>
<status status="PASS" starttime="20230831 20:24:34.825" endtime="20230831 20:24:34.894"/>
</kw>
<kw name="Input Text" library="SeleniumLibrary">
<arg>${PASSWORD_INPUT}</arg>
<arg>${PASSWORD_INVALID}</arg>
<doc>Types the given ``text`` into the text field identified by ``locator``.</doc>
<msg timestamp="20230831 20:24:34.894" level="INFO">Typing text 'teste123' into text field 'password'.</msg>
<status status="PASS" starttime="20230831 20:24:34.894" endtime="20230831 20:24:34.944"/>
</kw>
<kw name="Click Button" library="SeleniumLibrary">
<arg>${LOGIN_BTN}</arg>
<doc>Clicks the button identified by ``locator``.</doc>
<msg timestamp="20230831 20:24:34.944" level="INFO">Clicking button 'login-button'.</msg>
<status status="PASS" starttime="20230831 20:24:34.944" endtime="20230831 20:24:34.981"/>
</kw>
<status status="PASS" starttime="20230831 20:24:34.825" endtime="20230831 20:24:34.981"/>
</kw>
<kw name="Entao valido retorno da mensagem de erro" library="Login">
<kw name="Element Should Be Visible" library="SeleniumLibrary">
<arg>${USER_INCORRECT}</arg>
<doc>Verifies that the element identified by ``locator`` is visible.</doc>
<msg timestamp="20230831 20:24:34.992" level="INFO">Element '//div[@class='error-message-container error'][contains(.,'Epic sadface: Username and password do not match any user in this service')]' is displayed.</msg>
<status status="PASS" starttime="20230831 20:24:34.981" endtime="20230831 20:24:34.992"/>
</kw>
<status status="PASS" starttime="20230831 20:24:34.981" endtime="20230831 20:24:34.992"/>
</kw>
<kw name="Fechar navegador" library="Resource" type="TEARDOWN">
<kw name="Close Browser" library="SeleniumLibrary">
<doc>Closes the current browser.</doc>
<status status="PASS" starttime="20230831 20:24:34.992" endtime="20230831 20:24:37.075"/>
</kw>
<status status="PASS" starttime="20230831 20:24:34.992" endtime="20230831 20:24:37.075"/>
</kw>
<doc>Este teste é referente a tentativa de realizar o login inserindo uma senha inválido</doc>
<tag>cenario_negativo</tag>
<tag>login</tag>
<status status="PASS" starttime="20230831 20:24:33.244" endtime="20230831 20:24:37.075"/>
</test>
<test id="s1-s1-s1-t2" name="Caso de Teste: Falha ao realizar login com campo usuario em branco" line="34">
<kw name="Abrir navegador" library="Resource" type="SETUP">
<kw name="Open Browser" library="SeleniumLibrary">
<arg>about:blank</arg>
<arg>${BROWSER}</arg>
<doc>Opens a new browser instance to the optional ``url``.</doc>
<msg timestamp="20230831 20:24:37.075" level="INFO">Opening browser 'chrome' to base url 'about:blank'.</msg>
<status status="PASS" starttime="20230831 20:24:37.075" endtime="20230831 20:24:38.261"/>
</kw>
<status status="PASS" starttime="20230831 20:24:37.075" endtime="20230831 20:24:38.261"/>
</kw>
<kw name="Dado que eu acesse o site Sauce Demo" library="Login">
<kw name="Go To" library="SeleniumLibrary">
<arg>url=${LOGIN_URL}</arg>
<doc>Navigates the current browser window to the provided ``url``.</doc>
<msg timestamp="20230831 20:24:38.261" level="INFO">Opening url 'https://www.saucedemo.com'</msg>
<status status="PASS" starttime="20230831 20:24:38.261" endtime="20230831 20:24:39.665"/>
</kw>
<kw name="Wait Until Element Is Visible" library="SeleniumLibrary">
<arg>${LOGIN_BTN}</arg>
<doc>Waits until the element ``locator`` is visible.</doc>
<status status="PASS" starttime="20230831 20:24:39.665" endtime="20230831 20:24:39.680"/>
</kw>
<status status="PASS" starttime="20230831 20:24:38.261" endtime="20230831 20:24:39.680"/>
</kw>
<kw name="Quando tentar realizar o login sem inserir o usuario" library="Login">
<kw name="Input Text" library="SeleniumLibrary">
<arg>${PASSWORD_INPUT}</arg>
<arg>${PASSWORD_VALID}</arg>
<doc>Types the given ``text`` into the text field identified by ``locator``.</doc>
<msg timestamp="20230831 20:24:39.681" level="INFO">Typing text 'secret_sauce' into text field 'password'.</msg>
<status status="PASS" starttime="20230831 20:24:39.681" endtime="20230831 20:24:39.747"/>
</kw>
<kw name="Click Button" library="SeleniumLibrary">
<arg>${LOGIN_BTN}</arg>
<doc>Clicks the button identified by ``locator``.</doc>
<msg timestamp="20230831 20:24:39.747" level="INFO">Clicking button 'login-button'.</msg>
<status status="PASS" starttime="20230831 20:24:39.747" endtime="20230831 20:24:39.783"/>
</kw>
<status status="PASS" starttime="20230831 20:24:39.681" endtime="20230831 20:24:39.784"/>
</kw>
<kw name="Entao valido mensagem de obrigatoriedade do usuario" library="Login">
<kw name="Element Should Be Visible" library="SeleniumLibrary">
<arg>${MISSING_USER}</arg>
<doc>Verifies that the element identified by ``locator`` is visible.</doc>
<msg timestamp="20230831 20:24:39.791" level="INFO">Element '//h3[@data-test='error'][contains(.,'Epic sadface: Username is required')]' is displayed.</msg>
<status status="PASS" starttime="20230831 20:24:39.784" endtime="20230831 20:24:39.791"/>
</kw>
<status status="PASS" starttime="20230831 20:24:39.784" endtime="20230831 20:24:39.791"/>
</kw>
<kw name="Fechar navegador" library="Resource" type="TEARDOWN">
<kw name="Close Browser" library="SeleniumLibrary">
<doc>Closes the current browser.</doc>
<status status="PASS" starttime="20230831 20:24:39.791" endtime="20230831 20:24:41.874"/>
</kw>
<status status="PASS" starttime="20230831 20:24:39.791" endtime="20230831 20:24:41.874"/>
</kw>
<doc>Este teste é referente a tentativa de realizar o login sem preencher o campo usuario</doc>
<tag>cenario_negativo</tag>
<tag>login</tag>
<status status="PASS" starttime="20230831 20:24:37.075" endtime="20230831 20:24:41.874"/>
</test>
<test id="s1-s1-s1-t3" name="Caso de Teste: Falha ao realizar login com campo senha em branco" line="41">
<kw name="Abrir navegador" library="Resource" type="SETUP">
<kw name="Open Browser" library="SeleniumLibrary">
<arg>about:blank</arg>
<arg>${BROWSER}</arg>
<doc>Opens a new browser instance to the optional ``url``.</doc>
<msg timestamp="20230831 20:24:41.874" level="INFO">Opening browser 'chrome' to base url 'about:blank'.</msg>
<status status="PASS" starttime="20230831 20:24:41.874" endtime="20230831 20:24:43.066"/>
</kw>
<status status="PASS" starttime="20230831 20:24:41.874" endtime="20230831 20:24:43.066"/>
</kw>
<kw name="Dado que eu acesse o site Sauce Demo" library="Login">
<kw name="Go To" library="SeleniumLibrary">
<arg>url=${LOGIN_URL}</arg>
<doc>Navigates the current browser window to the provided ``url``.</doc>
<msg timestamp="20230831 20:24:43.066" level="INFO">Opening url 'https://www.saucedemo.com'</msg>
<status status="PASS" starttime="20230831 20:24:43.066" endtime="20230831 20:24:43.402"/>
</kw>
<kw name="Wait Until Element Is Visible" library="SeleniumLibrary">
<arg>${LOGIN_BTN}</arg>
<doc>Waits until the element ``locator`` is visible.</doc>
<status status="PASS" starttime="20230831 20:24:43.402" endtime="20230831 20:24:43.420"/>
</kw>
<status status="PASS" starttime="20230831 20:24:43.066" endtime="20230831 20:24:43.420"/>
</kw>
<kw name="Quando tentar realizar o login sem inserir a senha" library="Login">
<kw name="Input Text" library="SeleniumLibrary">
<arg>${USER_INPUT}</arg>
<arg>${USER_VALID}</arg>
<doc>Types the given ``text`` into the text field identified by ``locator``.</doc>
<msg timestamp="20230831 20:24:43.421" level="INFO">Typing text 'standard_user' into text field 'user-name'.</msg>
<status status="PASS" starttime="20230831 20:24:43.421" endtime="20230831 20:24:43.488"/>
</kw>
<kw name="Click Button" library="SeleniumLibrary">
<arg>${LOGIN_BTN}</arg>
<doc>Clicks the button identified by ``locator``.</doc>
<msg timestamp="20230831 20:24:43.488" level="INFO">Clicking button 'login-button'.</msg>
<status status="PASS" starttime="20230831 20:24:43.488" endtime="20230831 20:24:43.525"/>
</kw>
<status status="PASS" starttime="20230831 20:24:43.420" endtime="20230831 20:24:43.525"/>
</kw>
<kw name="Entao valido mensagem de obrigatoriedade da senha" library="Login">
<kw name="Element Should Be Visible" library="SeleniumLibrary">
<arg>${MISSING_PASSWORD}</arg>
<doc>Verifies that the element identified by ``locator`` is visible.</doc>
<msg timestamp="20230831 20:24:43.534" level="INFO">Element '//div[@class='error-message-container error'][contains(.,'Epic sadface: Password is required')]' is displayed.</msg>
<status status="PASS" starttime="20230831 20:24:43.525" endtime="20230831 20:24:43.534"/>
</kw>
<status status="PASS" starttime="20230831 20:24:43.525" endtime="20230831 20:24:43.534"/>
</kw>
<kw name="Fechar navegador" library="Resource" type="TEARDOWN">
<kw name="Close Browser" library="SeleniumLibrary">
<doc>Closes the current browser.</doc>
<status status="PASS" starttime="20230831 20:24:43.534" endtime="20230831 20:24:45.608"/>
</kw>
<status status="PASS" starttime="20230831 20:24:43.534" endtime="20230831 20:24:45.608"/>
</kw>
<doc>Este teste é referente a tentativa de realizar o login sem preencher o campo senha</doc>
<tag>cenario_negativo</tag>
<tag>login</tag>
<status status="PASS" starttime="20230831 20:24:41.874" endtime="20230831 20:24:45.608"/>
</test>
<test id="s1-s1-s1-t4" name="Caso de Teste: Falha ao realizar login com usuario bloqueado" line="48">
<kw name="Abrir navegador" library="Resource" type="SETUP">
<kw name="Open Browser" library="SeleniumLibrary">
<arg>about:blank</arg>
<arg>${BROWSER}</arg>
<doc>Opens a new browser instance to the optional ``url``.</doc>
<msg timestamp="20230831 20:24:45.608" level="INFO">Opening browser 'chrome' to base url 'about:blank'.</msg>
<status status="PASS" starttime="20230831 20:24:45.608" endtime="20230831 20:24:46.802"/>
</kw>
<status status="PASS" starttime="20230831 20:24:45.608" endtime="20230831 20:24:46.802"/>
</kw>
<kw name="Dado que eu acesse o site Sauce Demo" library="Login">
<kw name="Go To" library="SeleniumLibrary">
<arg>url=${LOGIN_URL}</arg>
<doc>Navigates the current browser window to the provided ``url``.</doc>
<msg timestamp="20230831 20:24:46.802" level="INFO">Opening url 'https://www.saucedemo.com'</msg>
<status status="PASS" starttime="20230831 20:24:46.802" endtime="20230831 20:24:47.116"/>
</kw>
<kw name="Wait Until Element Is Visible" library="SeleniumLibrary">
<arg>${LOGIN_BTN}</arg>
<doc>Waits until the element ``locator`` is visible.</doc>
<status status="PASS" starttime="20230831 20:24:47.116" endtime="20230831 20:24:47.132"/>
</kw>
<status status="PASS" starttime="20230831 20:24:46.802" endtime="20230831 20:24:47.132"/>
</kw>
<kw name="Quando tentar realizar o login usando um usuario bloqueado" library="Login">
<kw name="Input Text" library="SeleniumLibrary">
<arg>${USER_INPUT}</arg>
<arg>${USER_LOCKED}</arg>
<doc>Types the given ``text`` into the text field identified by ``locator``.</doc>
<msg timestamp="20230831 20:24:47.132" level="INFO">Typing text 'locked_out_user' into text field 'user-name'.</msg>
<status status="PASS" starttime="20230831 20:24:47.132" endtime="20230831 20:24:47.204"/>
</kw>
<kw name="Input Text" library="SeleniumLibrary">
<arg>${PASSWORD_INPUT}</arg>
<arg>${PASSWORD_VALID}</arg>
<doc>Types the given ``text`` into the text field identified by ``locator``.</doc>
<msg timestamp="20230831 20:24:47.204" level="INFO">Typing text 'secret_sauce' into text field 'password'.</msg>
<status status="PASS" starttime="20230831 20:24:47.204" endtime="20230831 20:24:47.254"/>
</kw>
<kw name="Click Button" library="SeleniumLibrary">
<arg>${LOGIN_BTN}</arg>
<doc>Clicks the button identified by ``locator``.</doc>
<msg timestamp="20230831 20:24:47.254" level="INFO">Clicking button 'login-button'.</msg>
<status status="PASS" starttime="20230831 20:24:47.254" endtime="20230831 20:24:47.294"/>
</kw>
<status status="PASS" starttime="20230831 20:24:47.132" endtime="20230831 20:24:47.294"/>
</kw>
<kw name="Entao valido retorno da mensagem de erro para usuario bloqueado" library="Login">
<kw name="Element Should Be Visible" library="SeleniumLibrary">
<arg>${USER_LOCKED_OUT}</arg>
<doc>Verifies that the element identified by ``locator`` is visible.</doc>
<msg timestamp="20230831 20:24:47.306" level="INFO">Element '//h3[@data-test='error'][contains(.,'Epic sadface: Sorry, this user has been locked out.')]' is displayed.</msg>
<status status="PASS" starttime="20230831 20:24:47.294" endtime="20230831 20:24:47.306"/>
</kw>
<status status="PASS" starttime="20230831 20:24:47.294" endtime="20230831 20:24:47.306"/>
</kw>
<kw name="Fechar navegador" library="Resource" type="TEARDOWN">
<kw name="Close Browser" library="SeleniumLibrary">
<doc>Closes the current browser.</doc>
<status status="PASS" starttime="20230831 20:24:47.306" endtime="20230831 20:24:49.392"/>
</kw>
<status status="PASS" starttime="20230831 20:24:47.306" endtime="20230831 20:24:49.392"/>
</kw>
<doc>Este teste é referente a tentativa de realizar o login utilizando um usuario bloqueado pelo sistema</doc>
<tag>cenario_negativo</tag>
<tag>login</tag>
<tag>usuario_bloqueado</tag>
<status status="PASS" starttime="20230831 20:24:45.608" endtime="20230831 20:24:49.392"/>
</test>
<doc>Nessa suite se encontra todos os cenário referente ao login do site Sauce Demo.</doc>
<status status="PASS" starttime="20230831 20:24:33.096" endtime="20230831 20:24:49.392"/>
</suite>
<status status="PASS" starttime="20230831 20:24:33.096" endtime="20230831 20:24:49.392"/>
</suite>
<status status="PASS" starttime="20230831 20:24:33.081" endtime="20230831 20:24:49.392"/>
</suite>
<statistics>
<total>
<stat pass="4" fail="0" skip="0">All Tests</stat>
</total>
<tag>
<stat pass="4" fail="0" skip="0">cenario_negativo</stat>
<stat pass="4" fail="0" skip="0">login</stat>
<stat pass="1" fail="0" skip="0">usuario_bloqueado</stat>
</tag>
<suite>
<stat pass="4" fail="0" skip="0" id="s1" name="Saucedemo testes">Saucedemo testes</stat>
<stat pass="4" fail="0" skip="0" id="s1-s1" name="Test">Saucedemo testes.Test</stat>
<stat pass="4" fail="0" skip="0" id="s1-s1-s1" name="TestLogin">Saucedemo testes.Test.TestLogin</stat>
</suite>
</statistics>
<errors>
</errors>
</robot>
